<?xml version="1.0" encoding="UTF-8"?>
<coverage generated="1665425705446" clover="3.2.0">
  <project timestamp="1665425705447" name="All files">
    <metrics statements="57" coveredstatements="42" conditionals="10" coveredconditionals="7" methods="25" coveredmethods="13" elements="92" coveredelements="62" complexity="0" loc="57" ncloc="57" packages="3" files="12" classes="12"/>
    <package name="components">
      <metrics statements="1" coveredstatements="1" conditionals="0" coveredconditionals="0" methods="0" coveredmethods="0"/>
      <file name="mockSongs.js" path="/Users/learnacademy/Desktop/mood-music/app/javascript/components/mockSongs.js">
        <metrics statements="1" coveredstatements="1" conditionals="0" coveredconditionals="0" methods="0" coveredmethods="0"/>
        <line num="1" count="2" type="stmt"/>
      </file>
    </package>
    <package name="components.components">
      <metrics statements="9" coveredstatements="8" conditionals="10" coveredconditionals="7" methods="4" coveredmethods="3"/>
      <file name="DeleteConfirmation.js" path="/Users/learnacademy/Desktop/mood-music/app/javascript/components/components/DeleteConfirmation.js">
        <metrics statements="5" coveredstatements="4" conditionals="0" coveredconditionals="0" methods="2" coveredmethods="1"/>
        <line num="6" count="1" type="stmt"/>
        <line num="7" count="11" type="stmt"/>
        <line num="9" count="11" type="stmt"/>
        <line num="10" count="0" type="stmt"/>
        <line num="13" count="11" type="stmt"/>
      </file>
      <file name="Navigation.js" path="/Users/learnacademy/Desktop/mood-music/app/javascript/components/components/Navigation.js">
        <metrics statements="2" coveredstatements="2" conditionals="10" coveredconditionals="7" methods="1" coveredmethods="1"/>
        <line num="5" count="1" type="stmt"/>
        <line num="12" count="2" type="stmt"/>
      </file>
      <file name="YoutubeEmbed.js" path="/Users/learnacademy/Desktop/mood-music/app/javascript/components/components/YoutubeEmbed.js">
        <metrics statements="2" coveredstatements="2" conditionals="0" coveredconditionals="0" methods="1" coveredmethods="1"/>
        <line num="3" count="1" type="stmt"/>
        <line num="5" count="1" type="stmt"/>
      </file>
    </package>
    <package name="components.pages">
      <metrics statements="47" coveredstatements="33" conditionals="0" coveredconditionals="0" methods="21" coveredmethods="10"/>
      <file name="Home.js" path="/Users/learnacademy/Desktop/mood-music/app/javascript/components/pages/Home.js">
        <metrics statements="2" coveredstatements="2" conditionals="0" coveredconditionals="0" methods="1" coveredmethods="1"/>
        <line num="4" count="1" type="stmt"/>
        <line num="5" count="2" type="stmt"/>
      </file>
      <file name="MoodIndex.js" path="/Users/learnacademy/Desktop/mood-music/app/javascript/components/pages/MoodIndex.js">
        <metrics statements="4" coveredstatements="3" conditionals="0" coveredconditionals="0" methods="3" coveredmethods="1"/>
        <line num="5" count="1" type="stmt"/>
        <line num="7" count="2" type="stmt"/>
        <line num="9" count="2" type="stmt"/>
        <line num="14" count="0" type="stmt"/>
      </file>
      <file name="MoodSongIndex.js" path="/Users/learnacademy/Desktop/mood-music/app/javascript/components/pages/MoodSongIndex.js">
        <metrics statements="5" coveredstatements="4" conditionals="0" coveredconditionals="0" methods="3" coveredmethods="1"/>
        <line num="5" count="1" type="stmt"/>
        <line num="7" count="2" type="stmt"/>
        <line num="8" count="2" type="stmt"/>
        <line num="10" count="2" type="stmt"/>
        <line num="18" count="0" type="stmt"/>
      </file>
      <file name="NotFound.js" path="/Users/learnacademy/Desktop/mood-music/app/javascript/components/pages/NotFound.js">
        <metrics statements="2" coveredstatements="2" conditionals="0" coveredconditionals="0" methods="1" coveredmethods="1"/>
        <line num="3" count="1" type="stmt"/>
        <line num="4" count="3" type="stmt"/>
      </file>
      <file name="ProtectedSongIndex.js" path="/Users/learnacademy/Desktop/mood-music/app/javascript/components/pages/ProtectedSongIndex.js">
        <metrics statements="4" coveredstatements="3" conditionals="0" coveredconditionals="0" methods="3" coveredmethods="1"/>
        <line num="5" count="1" type="stmt"/>
        <line num="7" count="2" type="stmt"/>
        <line num="9" count="2" type="stmt"/>
        <line num="15" count="0" type="stmt"/>
      </file>
      <file name="SongEdit.js" path="/Users/learnacademy/Desktop/mood-music/app/javascript/components/pages/SongEdit.js">
        <metrics statements="16" coveredstatements="9" conditionals="0" coveredconditionals="0" methods="5" coveredmethods="2"/>
        <line num="6" count="1" type="stmt"/>
        <line num="7" count="11" type="stmt"/>
        <line num="8" count="11" type="stmt"/>
        <line num="9" count="11" type="stmt"/>
        <line num="10" count="11" type="stmt"/>
        <line num="12" count="11" type="stmt"/>
        <line num="13" count="0" type="stmt"/>
        <line num="16" count="11" type="stmt"/>
        <line num="17" count="0" type="stmt"/>
        <line num="18" count="0" type="stmt"/>
        <line num="19" count="0" type="stmt"/>
        <line num="22" count="11" type="stmt"/>
        <line num="23" count="0" type="stmt"/>
        <line num="24" count="0" type="stmt"/>
        <line num="25" count="0" type="stmt"/>
        <line num="28" count="11" type="stmt"/>
      </file>
      <file name="SongNew.js" path="/Users/learnacademy/Desktop/mood-music/app/javascript/components/pages/SongNew.js">
        <metrics statements="10" coveredstatements="6" conditionals="0" coveredconditionals="0" methods="3" coveredmethods="1"/>
        <line num="5" count="1" type="stmt"/>
        <line num="6" count="11" type="stmt"/>
        <line num="7" count="11" type="stmt"/>
        <line num="16" count="11" type="stmt"/>
        <line num="17" count="0" type="stmt"/>
        <line num="21" count="11" type="stmt"/>
        <line num="22" count="0" type="stmt"/>
        <line num="23" count="0" type="stmt"/>
        <line num="24" count="0" type="stmt"/>
        <line num="29" count="11" type="stmt"/>
      </file>
      <file name="SongShow.js" path="/Users/learnacademy/Desktop/mood-music/app/javascript/components/pages/SongShow.js">
        <metrics statements="4" coveredstatements="4" conditionals="0" coveredconditionals="0" methods="2" coveredmethods="2"/>
        <line num="6" count="1" type="stmt"/>
        <line num="7" count="1" type="stmt"/>
        <line num="8" count="1" type="stmt"/>
        <line num="10" count="1" type="stmt"/>
      </file>
    </package>
  </project>
</coverage>
