{"/Users/learnacademy/Desktop/mood-music/app/javascript/components/mockSongs.js": {"path":"/Users/learnacademy/Desktop/mood-music/app/javascript/components/mockSongs.js","statementMap":{"0":{"start":{"line":1,"column":14},"end":{"line":110,"column":1}}},"fnMap":{},"branchMap":{},"s":{"0":2},"f":{},"b":{},"_coverageSchema":"1a1c01bbd47fc00a2c39e90264f33305004495a9","hash":"827f27fca60f2e4f1f769ee4b3adb07f5ba96705"}
,"/Users/learnacademy/Desktop/mood-music/app/javascript/components/components/DeleteConfirmation.js": {"path":"/Users/learnacademy/Desktop/mood-music/app/javascript/components/components/DeleteConfirmation.js","statementMap":{"0":{"start":{"line":6,"column":27},"end":{"line":42,"column":1}},"1":{"start":{"line":7,"column":37},"end":{"line":7,"column":52}},"2":{"start":{"line":9,"column":18},"end":{"line":11,"column":4}},"3":{"start":{"line":10,"column":6},"end":{"line":10,"column":30}},"4":{"start":{"line":13,"column":3},"end":{"line":41,"column":5}}},"fnMap":{"0":{"name":"(anonymous_0)","decl":{"start":{"line":6,"column":27},"end":{"line":6,"column":28}},"loc":{"start":{"line":6,"column":47},"end":{"line":42,"column":1}},"line":6},"1":{"name":"(anonymous_1)","decl":{"start":{"line":9,"column":18},"end":{"line":9,"column":19}},"loc":{"start":{"line":9,"column":24},"end":{"line":11,"column":4}},"line":9}},"branchMap":{},"s":{"0":1,"1":11,"2":11,"3":0,"4":11},"f":{"0":11,"1":0},"b":{},"_coverageSchema":"1a1c01bbd47fc00a2c39e90264f33305004495a9","hash":"8c5fe79985afbb2e62c60cb8b24c30bb39c34648"}
,"/Users/learnacademy/Desktop/mood-music/app/javascript/components/components/Navigation.js": {"path":"/Users/learnacademy/Desktop/mood-music/app/javascript/components/components/Navigation.js","statementMap":{"0":{"start":{"line":5,"column":19},"end":{"line":67,"column":1}},"1":{"start":{"line":12,"column":3},"end":{"line":66,"column":4}}},"fnMap":{"0":{"name":"(anonymous_0)","decl":{"start":{"line":5,"column":19},"end":{"line":5,"column":20}},"loc":{"start":{"line":11,"column":6},"end":{"line":67,"column":1}},"line":11}},"branchMap":{"0":{"loc":{"start":{"line":28,"column":16},"end":{"line":34,"column":16}},"type":"binary-expr","locations":[{"start":{"line":28,"column":16},"end":{"line":28,"column":26}},{"start":{"line":29,"column":18},"end":{"line":33,"column":28}}],"line":28},"1":{"loc":{"start":{"line":35,"column":16},"end":{"line":41,"column":16}},"type":"binary-expr","locations":[{"start":{"line":35,"column":16},"end":{"line":35,"column":26}},{"start":{"line":36,"column":18},"end":{"line":40,"column":28}}],"line":35},"2":{"loc":{"start":{"line":42,"column":16},"end":{"line":48,"column":16}},"type":"binary-expr","locations":[{"start":{"line":42,"column":16},"end":{"line":42,"column":25}},{"start":{"line":43,"column":18},"end":{"line":47,"column":28}}],"line":42},"3":{"loc":{"start":{"line":49,"column":16},"end":{"line":55,"column":16}},"type":"binary-expr","locations":[{"start":{"line":49,"column":16},"end":{"line":49,"column":25}},{"start":{"line":50,"column":18},"end":{"line":54,"column":28}}],"line":49},"4":{"loc":{"start":{"line":56,"column":16},"end":{"line":62,"column":16}},"type":"binary-expr","locations":[{"start":{"line":56,"column":16},"end":{"line":56,"column":25}},{"start":{"line":57,"column":18},"end":{"line":61,"column":28}}],"line":56}},"s":{"0":1,"1":2},"f":{"0":2},"b":{"0":[2,2],"1":[2,2],"2":[2,0],"3":[2,0],"4":[2,0]},"_coverageSchema":"1a1c01bbd47fc00a2c39e90264f33305004495a9","hash":"7134cc81856fa31fc8af0d546d1d0ef80a1c5471"}
,"/Users/learnacademy/Desktop/mood-music/app/javascript/components/components/YoutubeEmbed.js": {"path":"/Users/learnacademy/Desktop/mood-music/app/javascript/components/components/YoutubeEmbed.js","statementMap":{"0":{"start":{"line":3,"column":21},"end":{"line":18,"column":1}},"1":{"start":{"line":5,"column":3},"end":{"line":17,"column":4}}},"fnMap":{"0":{"name":"(anonymous_0)","decl":{"start":{"line":3,"column":21},"end":{"line":3,"column":22}},"loc":{"start":{"line":3,"column":36},"end":{"line":18,"column":1}},"line":3}},"branchMap":{},"s":{"0":1,"1":1},"f":{"0":1},"b":{},"_coverageSchema":"1a1c01bbd47fc00a2c39e90264f33305004495a9","hash":"a32068c60bf18ead69af80c101ae1b3b026a04b0"}
,"/Users/learnacademy/Desktop/mood-music/app/javascript/components/pages/Home.js": {"path":"/Users/learnacademy/Desktop/mood-music/app/javascript/components/pages/Home.js","statementMap":{"0":{"start":{"line":4,"column":13},"end":{"line":13,"column":1}},"1":{"start":{"line":5,"column":3},"end":{"line":12,"column":4}}},"fnMap":{"0":{"name":"(anonymous_0)","decl":{"start":{"line":4,"column":13},"end":{"line":4,"column":14}},"loc":{"start":{"line":4,"column":19},"end":{"line":13,"column":1}},"line":4}},"branchMap":{},"s":{"0":1,"1":2},"f":{"0":2},"b":{},"_coverageSchema":"1a1c01bbd47fc00a2c39e90264f33305004495a9","hash":"0794a44c2f082e43b742559940c440345b07d528"}
,"/Users/learnacademy/Desktop/mood-music/app/javascript/components/pages/MoodIndex.js": {"path":"/Users/learnacademy/Desktop/mood-music/app/javascript/components/pages/MoodIndex.js","statementMap":{"0":{"start":{"line":5,"column":18},"end":{"line":21,"column":1}},"1":{"start":{"line":7,"column":20},"end":{"line":7,"column":63}},"2":{"start":{"line":7,"column":51},"end":{"line":7,"column":60}},"3":{"start":{"line":9,"column":3},"end":{"line":20,"column":4}},"4":{"start":{"line":14,"column":15},"end":{"line":16,"column":25}}},"fnMap":{"0":{"name":"(anonymous_0)","decl":{"start":{"line":5,"column":18},"end":{"line":5,"column":19}},"loc":{"start":{"line":5,"column":31},"end":{"line":21,"column":1}},"line":5},"1":{"name":"(anonymous_1)","decl":{"start":{"line":7,"column":43},"end":{"line":7,"column":44}},"loc":{"start":{"line":7,"column":51},"end":{"line":7,"column":60}},"line":7},"2":{"name":"(anonymous_2)","decl":{"start":{"line":13,"column":34},"end":{"line":13,"column":35}},"loc":{"start":{"line":14,"column":15},"end":{"line":16,"column":25}},"line":14}},"branchMap":{},"s":{"0":1,"1":2,"2":0,"3":2,"4":0},"f":{"0":2,"1":0,"2":0},"b":{},"_coverageSchema":"1a1c01bbd47fc00a2c39e90264f33305004495a9","hash":"a09b3c2c42c2c979ea293b9f3b18f32f6e4bd92d"}
,"/Users/learnacademy/Desktop/mood-music/app/javascript/components/pages/MoodSongIndex.js": {"path":"/Users/learnacademy/Desktop/mood-music/app/javascript/components/pages/MoodSongIndex.js","statementMap":{"0":{"start":{"line":5,"column":22},"end":{"line":41,"column":1}},"1":{"start":{"line":7,"column":20},"end":{"line":7,"column":31}},"2":{"start":{"line":8,"column":29},"end":{"line":8,"column":70}},"3":{"start":{"line":8,"column":51},"end":{"line":8,"column":69}},"4":{"start":{"line":10,"column":3},"end":{"line":39,"column":4}},"5":{"start":{"line":18,"column":12},"end":{"line":36,"column":13}}},"fnMap":{"0":{"name":"(anonymous_0)","decl":{"start":{"line":5,"column":22},"end":{"line":5,"column":23}},"loc":{"start":{"line":5,"column":35},"end":{"line":41,"column":1}},"line":5},"1":{"name":"(anonymous_1)","decl":{"start":{"line":8,"column":43},"end":{"line":8,"column":44}},"loc":{"start":{"line":8,"column":51},"end":{"line":8,"column":69}},"line":8},"2":{"name":"(anonymous_2)","decl":{"start":{"line":17,"column":33},"end":{"line":17,"column":34}},"loc":{"start":{"line":17,"column":50},"end":{"line":37,"column":10}},"line":17}},"branchMap":{},"s":{"0":1,"1":2,"2":2,"3":0,"4":2,"5":0},"f":{"0":2,"1":0,"2":0},"b":{},"_coverageSchema":"1a1c01bbd47fc00a2c39e90264f33305004495a9","hash":"d68738236c48e9e6bdcaeedf98c1f7b68f579e4d"}
,"/Users/learnacademy/Desktop/mood-music/app/javascript/components/pages/NotFound.js": {"path":"/Users/learnacademy/Desktop/mood-music/app/javascript/components/pages/NotFound.js","statementMap":{"0":{"start":{"line":3,"column":17},"end":{"line":12,"column":1}},"1":{"start":{"line":4,"column":2},"end":{"line":11,"column":3}}},"fnMap":{"0":{"name":"(anonymous_0)","decl":{"start":{"line":3,"column":17},"end":{"line":3,"column":18}},"loc":{"start":{"line":3,"column":23},"end":{"line":12,"column":1}},"line":3}},"branchMap":{},"s":{"0":1,"1":3},"f":{"0":3},"b":{},"_coverageSchema":"1a1c01bbd47fc00a2c39e90264f33305004495a9","hash":"265db812fdd56976926e55c6a1e3d2564873ce00"}
,"/Users/learnacademy/Desktop/mood-music/app/javascript/components/pages/ProtectedSongIndex.js": {"path":"/Users/learnacademy/Desktop/mood-music/app/javascript/components/pages/ProtectedSongIndex.js","statementMap":{"0":{"start":{"line":5,"column":27},"end":{"line":41,"column":1}},"1":{"start":{"line":7,"column":26},"end":{"line":7,"column":81}},"2":{"start":{"line":7,"column":48},"end":{"line":7,"column":80}},"3":{"start":{"line":9,"column":4},"end":{"line":40,"column":5}},"4":{"start":{"line":15,"column":12},"end":{"line":35,"column":13}}},"fnMap":{"0":{"name":"(anonymous_0)","decl":{"start":{"line":5,"column":27},"end":{"line":5,"column":28}},"loc":{"start":{"line":5,"column":54},"end":{"line":41,"column":1}},"line":5},"1":{"name":"(anonymous_1)","decl":{"start":{"line":7,"column":40},"end":{"line":7,"column":41}},"loc":{"start":{"line":7,"column":48},"end":{"line":7,"column":80}},"line":7},"2":{"name":"(anonymous_2)","decl":{"start":{"line":13,"column":28},"end":{"line":13,"column":29}},"loc":{"start":{"line":13,"column":45},"end":{"line":37,"column":13}},"line":13}},"branchMap":{},"s":{"0":1,"1":2,"2":0,"3":2,"4":0},"f":{"0":2,"1":0,"2":0},"b":{},"_coverageSchema":"1a1c01bbd47fc00a2c39e90264f33305004495a9","hash":"735f2db39867b666ddfc445af03d7c4eb4d97675"}
,"/Users/learnacademy/Desktop/mood-music/app/javascript/components/pages/SongEdit.js": {"path":"/Users/learnacademy/Desktop/mood-music/app/javascript/components/pages/SongEdit.js","statementMap":{"0":{"start":{"line":6,"column":17},"end":{"line":100,"column":1}},"1":{"start":{"line":7,"column":19},"end":{"line":7,"column":30}},"2":{"start":{"line":8,"column":21},"end":{"line":8,"column":34}},"3":{"start":{"line":9,"column":17},"end":{"line":9,"column":53}},"4":{"start":{"line":9,"column":37},"end":{"line":9,"column":52}},"5":{"start":{"line":10,"column":41},"end":{"line":10,"column":55}},"6":{"start":{"line":12,"column":25},"end":{"line":14,"column":5}},"7":{"start":{"line":13,"column":8},"end":{"line":13,"column":73}},"8":{"start":{"line":16,"column":25},"end":{"line":20,"column":5}},"9":{"start":{"line":17,"column":8},"end":{"line":17,"column":35}},"10":{"start":{"line":18,"column":8},"end":{"line":18,"column":38}},"11":{"start":{"line":19,"column":8},"end":{"line":19,"column":32}},"12":{"start":{"line":22,"column":25},"end":{"line":26,"column":5}},"13":{"start":{"line":23,"column":8},"end":{"line":23,"column":22}},"14":{"start":{"line":24,"column":8},"end":{"line":24,"column":38}},"15":{"start":{"line":25,"column":8},"end":{"line":25,"column":32}},"16":{"start":{"line":28,"column":4},"end":{"line":99,"column":5}}},"fnMap":{"0":{"name":"(anonymous_0)","decl":{"start":{"line":6,"column":17},"end":{"line":6,"column":18}},"loc":{"start":{"line":6,"column":54},"end":{"line":100,"column":1}},"line":6},"1":{"name":"(anonymous_1)","decl":{"start":{"line":9,"column":29},"end":{"line":9,"column":30}},"loc":{"start":{"line":9,"column":37},"end":{"line":9,"column":52}},"line":9},"2":{"name":"(anonymous_2)","decl":{"start":{"line":12,"column":25},"end":{"line":12,"column":26}},"loc":{"start":{"line":12,"column":32},"end":{"line":14,"column":5}},"line":12},"3":{"name":"(anonymous_3)","decl":{"start":{"line":16,"column":25},"end":{"line":16,"column":26}},"loc":{"start":{"line":16,"column":31},"end":{"line":20,"column":5}},"line":16},"4":{"name":"(anonymous_4)","decl":{"start":{"line":22,"column":25},"end":{"line":22,"column":26}},"loc":{"start":{"line":22,"column":31},"end":{"line":26,"column":5}},"line":22}},"branchMap":{},"s":{"0":1,"1":11,"2":11,"3":11,"4":11,"5":11,"6":11,"7":0,"8":11,"9":0,"10":0,"11":0,"12":11,"13":0,"14":0,"15":0,"16":11},"f":{"0":11,"1":11,"2":0,"3":0,"4":0},"b":{},"_coverageSchema":"1a1c01bbd47fc00a2c39e90264f33305004495a9","hash":"c42ae20e2f4a92e3ee83f3bcbdb2ea1c9a824695"}
,"/Users/learnacademy/Desktop/mood-music/app/javascript/components/pages/SongNew.js": {"path":"/Users/learnacademy/Desktop/mood-music/app/javascript/components/pages/SongNew.js","statementMap":{"0":{"start":{"line":5,"column":16},"end":{"line":96,"column":1}},"1":{"start":{"line":6,"column":21},"end":{"line":6,"column":34}},"2":{"start":{"line":7,"column":34},"end":{"line":15,"column":6}},"3":{"start":{"line":16,"column":25},"end":{"line":19,"column":7}},"4":{"start":{"line":17,"column":8},"end":{"line":18,"column":11}},"5":{"start":{"line":21,"column":27},"end":{"line":25,"column":7}},"6":{"start":{"line":22,"column":8},"end":{"line":22,"column":27}},"7":{"start":{"line":23,"column":8},"end":{"line":23,"column":38}},"8":{"start":{"line":24,"column":8},"end":{"line":24,"column":29}},"9":{"start":{"line":29,"column":2},"end":{"line":95,"column":3}}},"fnMap":{"0":{"name":"(anonymous_0)","decl":{"start":{"line":5,"column":16},"end":{"line":5,"column":17}},"loc":{"start":{"line":5,"column":36},"end":{"line":96,"column":1}},"line":5},"1":{"name":"(anonymous_1)","decl":{"start":{"line":16,"column":25},"end":{"line":16,"column":26}},"loc":{"start":{"line":16,"column":32},"end":{"line":19,"column":7}},"line":16},"2":{"name":"(anonymous_2)","decl":{"start":{"line":21,"column":27},"end":{"line":21,"column":28}},"loc":{"start":{"line":21,"column":33},"end":{"line":25,"column":7}},"line":21}},"branchMap":{},"s":{"0":1,"1":11,"2":11,"3":11,"4":0,"5":11,"6":0,"7":0,"8":0,"9":11},"f":{"0":11,"1":0,"2":0},"b":{},"_coverageSchema":"1a1c01bbd47fc00a2c39e90264f33305004495a9","hash":"1848c940bdde2b560ec6d6e437b51bf12b79d3cf"}
,"/Users/learnacademy/Desktop/mood-music/app/javascript/components/pages/SongShow.js": {"path":"/Users/learnacademy/Desktop/mood-music/app/javascript/components/pages/SongShow.js","statementMap":{"0":{"start":{"line":6,"column":17},"end":{"line":32,"column":1}},"1":{"start":{"line":7,"column":18},"end":{"line":7,"column":29}},"2":{"start":{"line":8,"column":16},"end":{"line":8,"column":52}},"3":{"start":{"line":8,"column":36},"end":{"line":8,"column":51}},"4":{"start":{"line":10,"column":3},"end":{"line":31,"column":4}}},"fnMap":{"0":{"name":"(anonymous_0)","decl":{"start":{"line":6,"column":17},"end":{"line":6,"column":18}},"loc":{"start":{"line":6,"column":30},"end":{"line":32,"column":1}},"line":6},"1":{"name":"(anonymous_1)","decl":{"start":{"line":8,"column":28},"end":{"line":8,"column":29}},"loc":{"start":{"line":8,"column":36},"end":{"line":8,"column":51}},"line":8}},"branchMap":{},"s":{"0":1,"1":1,"2":1,"3":1,"4":1},"f":{"0":1,"1":1},"b":{},"_coverageSchema":"1a1c01bbd47fc00a2c39e90264f33305004495a9","hash":"0b60da47c3a724c5ddaec84c0f70d0e37209b44d"}
}
