TN:
SF:app/javascript/components/mockSongs.js
FNF:0
FNH:0
DA:1,2
LF:1
LH:1
BRF:0
BRH:0
end_of_record
TN:
SF:app/javascript/components/components/DeleteConfirmation.js
FN:6,(anonymous_0)
FN:9,(anonymous_1)
FNF:2
FNH:1
FNDA:11,(anonymous_0)
FNDA:0,(anonymous_1)
DA:6,1
DA:7,11
DA:9,11
DA:10,0
DA:13,11
LF:5
LH:4
BRF:0
BRH:0
end_of_record
TN:
SF:app/javascript/components/components/Navigation.js
FN:5,(anonymous_0)
FNF:1
FNH:1
FNDA:2,(anonymous_0)
DA:5,1
DA:12,2
LF:2
LH:2
BRDA:28,0,0,2
BRDA:28,0,1,2
BRDA:35,1,0,2
BRDA:35,1,1,2
BRDA:42,2,0,2
BRDA:42,2,1,0
BRDA:49,3,0,2
BRDA:49,3,1,0
BRDA:56,4,0,2
BRDA:56,4,1,0
BRF:10
BRH:7
end_of_record
TN:
SF:app/javascript/components/components/YoutubeEmbed.js
FN:3,(anonymous_0)
FNF:1
FNH:1
FNDA:1,(anonymous_0)
DA:3,1
DA:5,1
LF:2
LH:2
BRF:0
BRH:0
end_of_record
TN:
SF:app/javascript/components/pages/Home.js
FN:4,(anonymous_0)
FNF:1
FNH:1
FNDA:2,(anonymous_0)
DA:4,1
DA:5,2
LF:2
LH:2
BRF:0
BRH:0
end_of_record
TN:
SF:app/javascript/components/pages/MoodIndex.js
FN:5,(anonymous_0)
FN:7,(anonymous_1)
FN:13,(anonymous_2)
FNF:3
FNH:1
FNDA:2,(anonymous_0)
FNDA:0,(anonymous_1)
FNDA:0,(anonymous_2)
DA:5,1
DA:7,2
DA:9,2
DA:14,0
LF:4
LH:3
BRF:0
BRH:0
end_of_record
TN:
SF:app/javascript/components/pages/MoodSongIndex.js
FN:5,(anonymous_0)
FN:8,(anonymous_1)
FN:17,(anonymous_2)
FNF:3
FNH:1
FNDA:2,(anonymous_0)
FNDA:0,(anonymous_1)
FNDA:0,(anonymous_2)
DA:5,1
DA:7,2
DA:8,2
DA:10,2
DA:18,0
LF:5
LH:4
BRF:0
BRH:0
end_of_record
TN:
SF:app/javascript/components/pages/NotFound.js
FN:3,(anonymous_0)
FNF:1
FNH:1
FNDA:3,(anonymous_0)
DA:3,1
DA:4,3
LF:2
LH:2
BRF:0
BRH:0
end_of_record
TN:
SF:app/javascript/components/pages/ProtectedSongIndex.js
FN:5,(anonymous_0)
FN:7,(anonymous_1)
FN:13,(anonymous_2)
FNF:3
FNH:1
FNDA:2,(anonymous_0)
FNDA:0,(anonymous_1)
FNDA:0,(anonymous_2)
DA:5,1
DA:7,2
DA:9,2
DA:15,0
LF:4
LH:3
BRF:0
BRH:0
end_of_record
TN:
SF:app/javascript/components/pages/SongEdit.js
FN:6,(anonymous_0)
FN:9,(anonymous_1)
FN:12,(anonymous_2)
FN:16,(anonymous_3)
FN:22,(anonymous_4)
FNF:5
FNH:2
FNDA:11,(anonymous_0)
FNDA:11,(anonymous_1)
FNDA:0,(anonymous_2)
FNDA:0,(anonymous_3)
FNDA:0,(anonymous_4)
DA:6,1
DA:7,11
DA:8,11
DA:9,11
DA:10,11
DA:12,11
DA:13,0
DA:16,11
DA:17,0
DA:18,0
DA:19,0
DA:22,11
DA:23,0
DA:24,0
DA:25,0
DA:28,11
LF:16
LH:9
BRF:0
BRH:0
end_of_record
TN:
SF:app/javascript/components/pages/SongNew.js
FN:5,(anonymous_0)
FN:16,(anonymous_1)
FN:21,(anonymous_2)
FNF:3
FNH:1
FNDA:11,(anonymous_0)
FNDA:0,(anonymous_1)
FNDA:0,(anonymous_2)
DA:5,1
DA:6,11
DA:7,11
DA:16,11
DA:17,0
DA:21,11
DA:22,0
DA:23,0
DA:24,0
DA:29,11
LF:10
LH:6
BRF:0
BRH:0
end_of_record
TN:
SF:app/javascript/components/pages/SongShow.js
FN:6,(anonymous_0)
FN:8,(anonymous_1)
FNF:2
FNH:2
FNDA:1,(anonymous_0)
FNDA:1,(anonymous_1)
DA:6,1
DA:7,1
DA:8,1
DA:10,1
LF:4
LH:4
BRF:0
BRH:0
end_of_record
